<?xml version="1.0" encoding="UTF-8"?>
<!-- Generated by org.testng.reporters.JUnitReportReporter -->
<testsuite hostname="DESKTOP-GMO2B0N" failures="0" tests="4" name="testNG.Script4" time="0.043" errors="0" timestamp="2024-11-27T12:02:04 IST" skipped="2">
  <testcase classname="testNG.Script4" name="login" time="0.039"/>
  <system-out/>
  <testcase classname="testNG.Script4" name="signup" time="0.004"/>
  <system-out/>
  <testcase classname="testNG.Script4" name="homepage">
    <skipped/>
  </testcase> <!-- homepage -->
  <system-out/>
  <testcase classname="testNG.Script4" name="logout">
    <skipped/>
  </testcase> <!-- logout -->
  <system-out/>
</testsuite> <!-- testNG.Script4 -->
