<?xml version="1.0" encoding="UTF-8"?>
<!-- Generated by org.testng.reporters.JUnitReportReporter -->
<testsuite hostname="DESKTOP-GMO2B0N" failures="0" tests="4" name="testNG.Script6" time="0.025" errors="0" timestamp="2024-11-27T12:18:30 IST" skipped="0">
  <testcase classname="testNG.Script6" name="login" time="0.002"/>
  <system-out/>
  <testcase classname="testNG.Script6" name="logout" time="0.004"/>
  <system-out/>
  <testcase classname="testNG.Script6" name="homepage" time="0.018"/>
  <system-out/>
  <testcase classname="testNG.Script6" name="signup" time="0.001"/>
  <system-out/>
</testsuite> <!-- testNG.Script6 -->
