<?xml version="1.0" encoding="UTF-8"?>
<!-- Generated by org.testng.reporters.JUnitReportReporter -->
<testsuite hostname="DESKTOP-GMO2B0N" failures="0" tests="1" name="testNG.Script2" time="0.066" errors="0" timestamp="2024-11-27T11:54:10 IST" skipped="0">
  <testcase classname="testNG.Script2" name="Testcase" time="0.066"/>
  <system-out>
    <![CDATA[hello]]>
  </system-out>
</testsuite> <!-- testNG.Script2 -->
