<?xml version="1.0" encoding="UTF-8"?>
<!-- Generated by org.testng.reporters.JUnitReportReporter -->
<testsuite hostname="DESKTOP-GMO2B0N" failures="0" tests="4" name="testNG.Script3" time="0.035" errors="0" timestamp="2024-11-27T12:00:19 IST" skipped="0">
  <testcase classname="testNG.Script3" name="signup" time="0.023"/>
  <system-out/>
  <testcase classname="testNG.Script3" name="login" time="0.003"/>
  <system-out/>
  <testcase classname="testNG.Script3" name="logout" time="0.006"/>
  <system-out/>
  <testcase classname="testNG.Script3" name="homepage" time="0.003"/>
  <system-out/>
</testsuite> <!-- testNG.Script3 -->
