<?xml version="1.0" encoding="UTF-8"?>
<!-- Generated by org.testng.reporters.JUnitReportReporter -->
<testsuite hostname="DESKTOP-GMO2B0N" failures="0" tests="2" name="testNG.Script1" time="0.012" errors="0" timestamp="2024-11-27T11:54:10 IST" skipped="0">
  <testcase classname="testNG.Script1" name="Testcase" time="0.008"/>
  <system-out>
    <![CDATA[Hello]]>
  </system-out>
  <testcase classname="testNG.Script1" name="Testcase1" time="0.004"/>
  <system-out>
    <![CDATA[Good morning]]>
  </system-out>
</testsuite> <!-- testNG.Script1 -->
